/home/ms18.12/DLX-Project/syn/synthesize.script
/home/ms18.12/DLX-Project/vhd/000-globals.vhd
/home/mariagrazia.graziano/do/libnangate/NangateOpenCellLibrary_typical_ecsm.db
/home/ms18.12/DLX-Project/vhd/generics/ADDERS/RCA/00-HA.vhd
/home/ms18.12/DLX-Project/vhd/generics/ADDERS/RCA/01-FA.vhd
/home/ms18.12/DLX-Project/vhd/generics/ADDERS/RCA/02-RCA.vhd
/home/ms18.12/DLX-Project/vhd/generics/ADDERS/CLA/00-G_BLOCK.vhd
/home/ms18.12/DLX-Project/vhd/generics/ADDERS/CLA/01-PG_BLOCK.vhd
/home/ms18.12/DLX-Project/vhd/generics/ADDERS/CLA/02-SPARSE_TREE_CARRY_GENERATOR.vhd
/home/ms18.12/DLX-Project/vhd/generics/ADDERS/CLA/03-CLA.vhd
/home/ms18.12/DLX-Project/vhd/generics/BOOTH_MULTIPLIER/00-MUX51_GENERIC.vhd
/home/ms18.12/DLX-Project/vhd/generics/BOOTH_MULTIPLIER/01-BOOTH_ENCODER.vhd
/home/ms18.12/DLX-Project/vhd/generics/BOOTH_MULTIPLIER/02-BOOTH_MULTIPLIER.vhd
/home/ms18.12/DLX-Project/vhd/generics/MEMORY_ELEMENTS.vhd
/home/ms18.12/DLX-Project/vhd/generics/ZERO_DETECTOR.vhd
/home/ms18.12/DLX-Project/vhd/generics/REGISTER_FILE/00-CIRCULAR_BUFFER.vhd
/home/ms18.12/DLX-Project/vhd/generics/REGISTER_FILE/01-REGISTER_FILE.vhd
/home/ms18.12/DLX-Project/vhd/a.b-DATAPATH.core/a.b.c-EXECUTE.core/a.b.c.a-ALU.core/a.b.c.a.a-LU_CTRL.vhd
/home/ms18.12/DLX-Project/vhd/a.b-DATAPATH.core/a.b.c-EXECUTE.core/a.b.c.a-ALU.core/a.b.c.a.b-LOGIC_UNIT.vhd
/home/ms18.12/DLX-Project/vhd/a.b-DATAPATH.core/a.b.c-EXECUTE.core/a.b.c.a-ALU.core/a.b.c.a.c-ADD_SUB.vhd
/home/ms18.12/DLX-Project/vhd/a.b-DATAPATH.core/a.b.c-EXECUTE.core/a.b.c.a-ALU.core/a.b.c.a.d-SHIFTER.vhd
/home/ms18.12/DLX-Project/vhd/a.b-DATAPATH.core/a.b.c-EXECUTE.core/a.b.c.a-ALU.core/a.b.c.a.e-COMPARATOR.vhd
/home/ms18.12/DLX-Project/vhd/a.b-DATAPATH.core/a.b.c-EXECUTE.core/a.b.c.a-ALU.vhd
/home/ms18.12/DLX-Project/vhd/a.b-DATAPATH.core/a.b.c-EXECUTE.core/a.b.c.b-FPU.core/a.b.c.b.d-F2I_CONVERTER.vhd
/home/ms18.12/DLX-Project/vhd/a.b-DATAPATH.core/a.b.c-EXECUTE.core/a.b.c.b-FPU.core/a.b.c.b.e-I2F_CONVERTER.vhd
/home/ms18.12/DLX-Project/vhd/a.b-DATAPATH.core/a.b.c-EXECUTE.core/a.b.c.b-FPU.core/a.b.c.b.f-FP_ADD_SUB.vhd
/home/ms18.12/DLX-Project/vhd/a.b-DATAPATH.core/a.b.c-EXECUTE.core/a.b.c.b-FPU.core/a.b.c.b.g-FP_COMPARATOR.vhd
/home/ms18.12/DLX-Project/vhd/a.b-DATAPATH.core/a.b.c-EXECUTE.core/a.b.c.b-FPU.vhd
/home/ms18.12/DLX-Project/vhd/a.b-DATAPATH.core/a.b.a-FETCH.vhd
/home/ms18.12/DLX-Project/vhd/a.b-DATAPATH.core/a.b.b-DECODE.vhd
/home/ms18.12/DLX-Project/vhd/a.b-DATAPATH.core/a.b.c-EXECUTE.vhd
/home/ms18.12/DLX-Project/vhd/a.b-DATAPATH.core/a.b.d-MEMORY.vhd
/home/ms18.12/DLX-Project/vhd/a.b-DATAPATH.core/a.b.e-WRITE_BACK.vhd
/home/ms18.12/DLX-Project/vhd/a.b-DATAPATH.vhd
/home/ms18.12/DLX-Project/vhd/a.a-CU.vhd
/home/ms18.12/DLX-Project/vhd/a-DLX.vhd
/software/synopsys/syn_current/libraries/syn/gtech.db
/software/synopsys/syn_current/libraries/syn/standard.sldb
/home/ms18.12/synopsys_cache_Z-2007.03-SP1/DW01/DW01_MUX/str/NangateOpenCellLibrary_typical_ecsm_7321_8167_1649/element.db
/home/ms18.12/synopsys_cache_Z-2007.03-SP1/DW01/DW01_mmux/str/2/NangateOpenCellLibrary_typical_ecsm_7321_8167_1649/element.db
/home/ms18.12/synopsys_cache_Z-2007.03-SP1/DW01/DW01_mmux/str/3/NangateOpenCellLibrary_typical_ecsm_7321_8167_1649/element.db
/home/ms18.12/synopsys_cache_Z-2007.03-SP1/DW01/DW01_mmux/str/4/NangateOpenCellLibrary_typical_ecsm_7321_8167_1649/element.db
/home/ms18.12/synopsys_cache_Z-2007.03-SP1/DW01/DW01_mmux/str/5/NangateOpenCellLibrary_typical_ecsm_7321_8167_1649/element.db
/home/ms18.12/synopsys_cache_Z-2007.03-SP1/DW01/DW01_NOT/str/NangateOpenCellLibrary_typical_ecsm_7321_8167_1649/element.db
/home/ms18.12/synopsys_cache_Z-2007.03-SP1/DW01/DW01_sub/rpl/32/NangateOpenCellLibrary_typical_ecsm_7321_8167_1649/element.db
/home/ms18.12/synopsys_cache_Z-2007.03-SP1/DW01/DW01_sub/cla/32/NangateOpenCellLibrary_typical_ecsm_7321_8167_1649/element.db
/home/ms18.12/synopsys_cache_Z-2007.03-SP1/DW01/DW01_add/rpl/8/NangateOpenCellLibrary_typical_ecsm_7321_8167_1649/element.db
/home/ms18.12/synopsys_cache_Z-2007.03-SP1/DW01/DW01_add/cla/8/NangateOpenCellLibrary_typical_ecsm_7321_8167_1649/element.db
/home/ms18.12/synopsys_cache_Z-2007.03-SP1/DW01/DW01_sub/rpl/8/NangateOpenCellLibrary_typical_ecsm_7321_8167_1649/element.db
/home/ms18.12/synopsys_cache_Z-2007.03-SP1/DW01/DW01_sub/cla/8/NangateOpenCellLibrary_typical_ecsm_7321_8167_1649/element.db
/home/ms18.12/synopsys_cache_Z-2007.03-SP1/DW01/DW01_inc/rpl/8/NangateOpenCellLibrary_typical_ecsm_7321_8167_1649/element.db
/home/ms18.12/synopsys_cache_Z-2007.03-SP1/DW01/DW01_incdec/rpl/8/NangateOpenCellLibrary_typical_ecsm_7321_8167_1649/element.db
/home/ms18.12/synopsys_cache_Z-2007.03-SP1/DW01/DW01_add/rpl/32/NangateOpenCellLibrary_typical_ecsm_7321_8167_1649/element.db
/home/ms18.12/synopsys_cache_Z-2007.03-SP1/DW01/DW01_add/cla/32/NangateOpenCellLibrary_typical_ecsm_7321_8167_1649/element.db
/home/ms18.12/synopsys_cache_Z-2007.03-SP1/DW01/DW_sra/mx2/32/5/NangateOpenCellLibrary_typical_ecsm_7321_8167_1649/element.db
/home/ms18.12/synopsys_cache_Z-2007.03-SP1/DW01/DW_rash/mx2/32/5/NangateOpenCellLibrary_typical_ecsm_7321_8167_1649/element.db
/home/ms18.12/synopsys_cache_Z-2007.03-SP1/DW01/DW_sla/mx2/32/5/NangateOpenCellLibrary_typical_ecsm_7321_8167_1649/element.db
/home/ms18.12/synopsys_cache_Z-2007.03-SP1/DW01/DW01_ash/mx2/32/5/NangateOpenCellLibrary_typical_ecsm_7321_8167_1649/element.db
/home/ms18.12/synopsys_cache_Z-2007.03-SP1/DW01/DW01_inc/rpl/7/NangateOpenCellLibrary_typical_ecsm_7321_8167_1649/element.db
/home/ms18.12/synopsys_cache_Z-2007.03-SP1/DW01/DW01_add/rpl/7/NangateOpenCellLibrary_typical_ecsm_7321_8167_1649/element.db
/home/ms18.12/synopsys_cache_Z-2007.03-SP1/DW01/DW01_add/cla/7/NangateOpenCellLibrary_typical_ecsm_7321_8167_1649/element.db
/home/ms18.12/synopsys_cache_Z-2007.03-SP1/DW01/DW01_incdec/rpl/7/NangateOpenCellLibrary_typical_ecsm_7321_8167_1649/element.db
/home/ms18.12/synopsys_cache_Z-2007.03-SP1/DW01/DW01_cmp6/rpl/5/NangateOpenCellLibrary_typical_ecsm_7321_8167_1649/element.db
/home/ms18.12/synopsys_cache_Z-2007.03-SP1/DW01/DW01_add/rpl/8/NangateOpenCellLibrary_typical_ecsm_7321/element.db
/home/ms18.12/synopsys_cache_Z-2007.03-SP1/DW01/DW01_sub/rpl/32/NangateOpenCellLibrary_typical_ecsm_7321/element.db
/home/ms18.12/synopsys_cache_Z-2007.03-SP1/DW01/DW01_sub/rpl/8/NangateOpenCellLibrary_typical_ecsm_7321/element.db
/home/ms18.12/synopsys_cache_Z-2007.03-SP1/DW01/DW01_inc/rpl/8/NangateOpenCellLibrary_typical_ecsm_7321/element.db
/home/ms18.12/synopsys_cache_Z-2007.03-SP1/DW01/DW01_add/rpl/32/NangateOpenCellLibrary_typical_ecsm_7321/element.db
/home/ms18.12/synopsys_cache_Z-2007.03-SP1/DW01/DW01_ash/mx2/32/5/NangateOpenCellLibrary_typical_ecsm_7321/element.db
/home/ms18.12/synopsys_cache_Z-2007.03-SP1/DW01/DW_sla/mx2/32/5/NangateOpenCellLibrary_typical_ecsm_7321/element.db
/home/ms18.12/synopsys_cache_Z-2007.03-SP1/DW01/DW_rash/mx2/32/5/NangateOpenCellLibrary_typical_ecsm_7321/element.db
/home/ms18.12/synopsys_cache_Z-2007.03-SP1/DW01/DW_sra/mx2/32/5/NangateOpenCellLibrary_typical_ecsm_7321/element.db
/home/ms18.12/synopsys_cache_Z-2007.03-SP1/DW01/DW01_inc/rpl/7/NangateOpenCellLibrary_typical_ecsm_7321/element.db
/home/ms18.12/synopsys_cache_Z-2007.03-SP1/DW01/DW01_cmp6/rpl/5/NangateOpenCellLibrary_typical_ecsm_7321/element.db
/home/mariagrazia.graziano/do/libnangate/NangateOpenCellLibrary_typical_ecsm.db
/home/mariagrazia.graziano/do/libnangate/NangateOpenCellLibrary_typical_ecsm.db
/home/ms18.12/synopsys_cache_Z-2007.03-SP1/DW01/DW01_inc/cla/8/NangateOpenCellLibrary_typical_ecsm_7321/element.db
/home/ms18.12/synopsys_cache_Z-2007.03-SP1/DW01/DW01_add/rpl/32/NangateOpenCellLibrary_typical_ecsm_7321_7183_1649/element.db
/home/ms18.12/synopsys_cache_Z-2007.03-SP1/DW01/DW01_add/cla/32/NangateOpenCellLibrary_typical_ecsm_7321/element.db
/home/ms18.12/synopsys_cache_Z-2007.03-SP1/DW01/DW01_add/cla/32/NangateOpenCellLibrary_typical_ecsm_7321_7183_1649/element.db
/home/mariagrazia.graziano/do/libnangate/NangateOpenCellLibrary_typical_ecsm.db
/home/mariagrazia.graziano/do/libnangate/NangateOpenCellLibrary_typical_ecsm.db
/home/ms18.12/synopsys_cache_Z-2007.03-SP1/DW01/DW01_cmp6/rpl/5/NangateOpenCellLibrary_typical_ecsm_7321/element.db
/home/mariagrazia.graziano/do/libnangate/NangateOpenCellLibrary_typical_ecsm.db
/home/mariagrazia.graziano/do/libnangate/NangateOpenCellLibrary_typical_ecsm.db
/home/mariagrazia.graziano/do/libnangate/NangateOpenCellLibrary_typical_ecsm.db
/home/ms18.12/synopsys_cache_Z-2007.03-SP1/DW01/DW01_inc/cla/8/NangateOpenCellLibrary_typical_ecsm_7321/element.db
/home/ms18.12/synopsys_cache_Z-2007.03-SP1/DW01/DW01_add/rpl/32/NangateOpenCellLibrary_typical_ecsm_7321_7183_1649/element.db
/home/ms18.12/synopsys_cache_Z-2007.03-SP1/DW01/DW01_add/cla/32/NangateOpenCellLibrary_typical_ecsm_7321/element.db
/home/ms18.12/synopsys_cache_Z-2007.03-SP1/DW01/DW01_add/cla/32/NangateOpenCellLibrary_typical_ecsm_7321_7183_1649/element.db
/home/mariagrazia.graziano/do/libnangate/NangateOpenCellLibrary_typical_ecsm.db
/home/mariagrazia.graziano/do/libnangate/NangateOpenCellLibrary_typical_ecsm.db
/home/mariagrazia.graziano/do/libnangate/NangateOpenCellLibrary_typical_ecsm.db
